1770730792.051534 client started (274940): version 3.5a, socket /run/user/1000/tmux-1000/default, protocol 8
1770730792.051557 on Linux 6.18.2 #1-NixOS SMP PREEMPT_DYNAMIC Thu Dec 18 13:03:43 UTC 2025
1770730792.051561 using libevent 2.1.12-stable poll
1770730792.051568 using utf8proc 2.11.2
1770730792.051572 using ncurses 6.5 20240427
1770730792.051639 flags are 0x18010000
1770730792.051919 socket is /run/user/1000/tmux-1000/default
1770730792.051947 trying connect
1770730792.051964 connect failed: No such file or directory
1770730792.051976 lock file is /run/user/1000/tmux-1000/default.lock
1770730792.051993 flock succeeded
1770730792.051999 got lock (6)
1770730792.052009 trying connect
1770730792.052017 connect failed: No such file or directory
1770730792.052502 add peer 0x56010fc19540: 7 ((nil))
1770730792.053449 sending message 111 to peer 0x56010fc19540 (8 bytes)
1770730792.053459 sending message 111 to peer 0x56010fc19540 (8 bytes)
1770730792.053466 sending message 101 to peer 0x56010fc19540 (15 bytes)
1770730792.053470 sending message 109 to peer 0x56010fc19540 (4 bytes)
1770730792.053474 sending message 102 to peer 0x56010fc19540 (12 bytes)
1770730792.053478 sending message 108 to peer 0x56010fc19540 (47 bytes)
1770730792.053483 sending message 112 to peer 0x56010fc19540 (58 bytes)
1770730792.053486 sending message 112 to peer 0x56010fc19540 (5 bytes)
1770730792.053490 sending message 112 to peer 0x56010fc19540 (5 bytes)
1770730792.053495 sending message 112 to peer 0x56010fc19540 (6 bytes)
1770730792.053498 sending message 112 to peer 0x56010fc19540 (6 bytes)
1770730792.053502 sending message 112 to peer 0x56010fc19540 (11 bytes)
1770730792.053507 sending message 112 to peer 0x56010fc19540 (10 bytes)
1770730792.053511 sending message 112 to peer 0x56010fc19540 (13 bytes)
1770730792.053514 sending message 112 to peer 0x56010fc19540 (14 bytes)
1770730792.053519 sending message 112 to peer 0x56010fc19540 (19 bytes)
1770730792.053522 sending message 112 to peer 0x56010fc19540 (11 bytes)
1770730792.053527 sending message 112 to peer 0x56010fc19540 (10 bytes)
1770730792.053531 sending message 112 to peer 0x56010fc19540 (15 bytes)
1770730792.053535 sending message 112 to peer 0x56010fc19540 (21 bytes)
1770730792.053539 sending message 112 to peer 0x56010fc19540 (13 bytes)
1770730792.053543 sending message 112 to peer 0x56010fc19540 (7 bytes)
1770730792.053548 sending message 112 to peer 0x56010fc19540 (13 bytes)
1770730792.053551 sending message 112 to peer 0x56010fc19540 (7 bytes)
1770730792.053555 sending message 112 to peer 0x56010fc19540 (13 bytes)
1770730792.053559 sending message 112 to peer 0x56010fc19540 (9 bytes)
1770730792.053563 sending message 112 to peer 0x56010fc19540 (21 bytes)
1770730792.053567 sending message 112 to peer 0x56010fc19540 (13 bytes)
1770730792.053572 sending message 112 to peer 0x56010fc19540 (9 bytes)
1770730792.053575 sending message 112 to peer 0x56010fc19540 (16 bytes)
1770730792.053579 sending message 112 to peer 0x56010fc19540 (13 bytes)
1770730792.053583 sending message 112 to peer 0x56010fc19540 (9 bytes)
1770730792.053586 sending message 112 to peer 0x56010fc19540 (9 bytes)
1770730792.053591 sending message 112 to peer 0x56010fc19540 (12 bytes)
1770730792.053596 sending message 112 to peer 0x56010fc19540 (8 bytes)
1770730792.053599 sending message 112 to peer 0x56010fc19540 (8 bytes)
1770730792.053603 sending message 112 to peer 0x56010fc19540 (13 bytes)
1770730792.053607 sending message 112 to peer 0x56010fc19540 (7 bytes)
1770730792.053620 sending message 112 to peer 0x56010fc19540 (7 bytes)
1770730792.053624 sending message 112 to peer 0x56010fc19540 (9 bytes)
1770730792.053628 sending message 112 to peer 0x56010fc19540 (9 bytes)
1770730792.053633 sending message 112 to peer 0x56010fc19540 (15 bytes)
1770730792.053638 sending message 112 to peer 0x56010fc19540 (13 bytes)
1770730792.053642 sending message 112 to peer 0x56010fc19540 (12 bytes)
1770730792.053646 sending message 112 to peer 0x56010fc19540 (8 bytes)
1770730792.053650 sending message 112 to peer 0x56010fc19540 (14 bytes)
1770730792.053659 sending message 112 to peer 0x56010fc19540 (11 bytes)
1770730792.053664 sending message 112 to peer 0x56010fc19540 (9 bytes)
1770730792.053667 sending message 112 to peer 0x56010fc19540 (10 bytes)
1770730792.053672 sending message 112 to peer 0x56010fc19540 (10 bytes)
1770730792.053675 sending message 112 to peer 0x56010fc19540 (10 bytes)
1770730792.053680 sending message 112 to peer 0x56010fc19540 (10 bytes)
1770730792.053683 sending message 112 to peer 0x56010fc19540 (11 bytes)
1770730792.053687 sending message 112 to peer 0x56010fc19540 (12 bytes)
1770730792.053691 sending message 112 to peer 0x56010fc19540 (12 bytes)
1770730792.053695 sending message 112 to peer 0x56010fc19540 (12 bytes)
1770730792.053699 sending message 112 to peer 0x56010fc19540 (12 bytes)
1770730792.053703 sending message 112 to peer 0x56010fc19540 (12 bytes)
1770730792.053706 sending message 112 to peer 0x56010fc19540 (11 bytes)
1770730792.053711 sending message 112 to peer 0x56010fc19540 (11 bytes)
1770730792.053715 sending message 112 to peer 0x56010fc19540 (12 bytes)
1770730792.053720 sending message 112 to peer 0x56010fc19540 (12 bytes)
1770730792.053723 sending message 112 to peer 0x56010fc19540 (12 bytes)
1770730792.053727 sending message 112 to peer 0x56010fc19540 (12 bytes)
1770730792.053732 sending message 112 to peer 0x56010fc19540 (12 bytes)
1770730792.053735 sending message 112 to peer 0x56010fc19540 (9 bytes)
1770730792.053741 sending message 112 to peer 0x56010fc19540 (12 bytes)
1770730792.053745 sending message 112 to peer 0x56010fc19540 (13 bytes)
1770730792.053749 sending message 112 to peer 0x56010fc19540 (13 bytes)
1770730792.053753 sending message 112 to peer 0x56010fc19540 (13 bytes)
1770730792.053756 sending message 112 to peer 0x56010fc19540 (13 bytes)
1770730792.053764 sending message 112 to peer 0x56010fc19540 (13 bytes)
1770730792.053768 sending message 112 to peer 0x56010fc19540 (8 bytes)
1770730792.053772 sending message 112 to peer 0x56010fc19540 (11 bytes)
1770730792.053775 sending message 112 to peer 0x56010fc19540 (11 bytes)
1770730792.053783 sending message 112 to peer 0x56010fc19540 (11 bytes)
1770730792.053787 sending message 112 to peer 0x56010fc19540 (12 bytes)
1770730792.053791 sending message 112 to peer 0x56010fc19540 (12 bytes)
1770730792.053795 sending message 112 to peer 0x56010fc19540 (12 bytes)
1770730792.053799 sending message 112 to peer 0x56010fc19540 (12 bytes)
1770730792.053804 sending message 112 to peer 0x56010fc19540 (13 bytes)
1770730792.053807 sending message 112 to peer 0x56010fc19540 (13 bytes)
1770730792.053811 sending message 112 to peer 0x56010fc19540 (13 bytes)
1770730792.053814 sending message 112 to peer 0x56010fc19540 (8 bytes)
1770730792.053819 sending message 112 to peer 0x56010fc19540 (13 bytes)
1770730792.053823 sending message 112 to peer 0x56010fc19540 (13 bytes)
1770730792.053827 sending message 112 to peer 0x56010fc19540 (13 bytes)
1770730792.053831 sending message 112 to peer 0x56010fc19540 (13 bytes)
1770730792.053834 sending message 112 to peer 0x56010fc19540 (13 bytes)
1770730792.053839 sending message 112 to peer 0x56010fc19540 (12 bytes)
1770730792.053842 sending message 112 to peer 0x56010fc19540 (12 bytes)
1770730792.053847 sending message 112 to peer 0x56010fc19540 (12 bytes)
1770730792.053850 sending message 112 to peer 0x56010fc19540 (12 bytes)
1770730792.053854 sending message 112 to peer 0x56010fc19540 (13 bytes)
1770730792.053858 sending message 112 to peer 0x56010fc19540 (8 bytes)
1770730792.053861 sending message 112 to peer 0x56010fc19540 (13 bytes)
1770730792.053866 sending message 112 to peer 0x56010fc19540 (13 bytes)
1770730792.053870 sending message 112 to peer 0x56010fc19540 (13 bytes)
1770730792.053873 sending message 112 to peer 0x56010fc19540 (13 bytes)
1770730792.053877 sending message 112 to peer 0x56010fc19540 (13 bytes)
1770730792.053881 sending message 112 to peer 0x56010fc19540 (13 bytes)
1770730792.053885 sending message 112 to peer 0x56010fc19540 (13 bytes)
1770730792.053889 sending message 112 to peer 0x56010fc19540 (12 bytes)
1770730792.053895 sending message 112 to peer 0x56010fc19540 (12 bytes)
1770730792.053900 sending message 112 to peer 0x56010fc19540 (12 bytes)
1770730792.053904 sending message 112 to peer 0x56010fc19540 (8 bytes)
1770730792.053908 sending message 112 to peer 0x56010fc19540 (12 bytes)
1770730792.053911 sending message 112 to peer 0x56010fc19540 (13 bytes)
1770730792.053916 sending message 112 to peer 0x56010fc19540 (13 bytes)
1770730792.053921 sending message 112 to peer 0x56010fc19540 (13 bytes)
1770730792.053926 sending message 112 to peer 0x56010fc19540 (13 bytes)
1770730792.053933 sending message 112 to peer 0x56010fc19540 (13 bytes)
1770730792.053938 sending message 112 to peer 0x56010fc19540 (13 bytes)
1770730792.053944 sending message 112 to peer 0x56010fc19540 (13 bytes)
1770730792.053949 sending message 112 to peer 0x56010fc19540 (13 bytes)
1770730792.053955 sending message 112 to peer 0x56010fc19540 (12 bytes)
1770730792.053962 sending message 112 to peer 0x56010fc19540 (10 bytes)
1770730792.053968 sending message 112 to peer 0x56010fc19540 (12 bytes)
1770730792.053975 sending message 112 to peer 0x56010fc19540 (12 bytes)
1770730792.053981 sending message 112 to peer 0x56010fc19540 (12 bytes)
1770730792.053987 sending message 112 to peer 0x56010fc19540 (13 bytes)
1770730792.053993 sending message 112 to peer 0x56010fc19540 (13 bytes)
1770730792.053999 sending message 112 to peer 0x56010fc19540 (13 bytes)
1770730792.054004 sending message 112 to peer 0x56010fc19540 (13 bytes)
1770730792.054011 sending message 112 to peer 0x56010fc19540 (13 bytes)
1770730792.054017 sending message 112 to peer 0x56010fc19540 (13 bytes)
1770730792.054023 sending message 112 to peer 0x56010fc19540 (13 bytes)
1770730792.054028 sending message 112 to peer 0x56010fc19540 (10 bytes)
1770730792.054032 sending message 112 to peer 0x56010fc19540 (13 bytes)
1770730792.054037 sending message 112 to peer 0x56010fc19540 (12 bytes)
1770730792.054041 sending message 112 to peer 0x56010fc19540 (12 bytes)
1770730792.054045 sending message 112 to peer 0x56010fc19540 (12 bytes)
1770730792.054049 sending message 112 to peer 0x56010fc19540 (10 bytes)
1770730792.054054 sending message 112 to peer 0x56010fc19540 (10 bytes)
1770730792.054061 sending message 112 to peer 0x56010fc19540 (10 bytes)
1770730792.054066 sending message 112 to peer 0x56010fc19540 (12 bytes)
1770730792.054069 sending message 112 to peer 0x56010fc19540 (13 bytes)
1770730792.054073 sending message 112 to peer 0x56010fc19540 (13 bytes)
1770730792.054078 sending message 112 to peer 0x56010fc19540 (13 bytes)
1770730792.054081 sending message 112 to peer 0x56010fc19540 (13 bytes)
1770730792.054086 sending message 112 to peer 0x56010fc19540 (13 bytes)
1770730792.054090 sending message 112 to peer 0x56010fc19540 (10 bytes)
1770730792.054094 sending message 112 to peer 0x56010fc19540 (11 bytes)
1770730792.054097 sending message 112 to peer 0x56010fc19540 (12 bytes)
1770730792.054101 sending message 112 to peer 0x56010fc19540 (12 bytes)
1770730792.054106 sending message 112 to peer 0x56010fc19540 (12 bytes)
1770730792.054110 sending message 112 to peer 0x56010fc19540 (12 bytes)
1770730792.054113 sending message 112 to peer 0x56010fc19540 (12 bytes)
1770730792.054117 sending message 112 to peer 0x56010fc19540 (11 bytes)
1770730792.054123 sending message 112 to peer 0x56010fc19540 (12 bytes)
1770730792.054127 sending message 112 to peer 0x56010fc19540 (12 bytes)
1770730792.054131 sending message 112 to peer 0x56010fc19540 (13 bytes)
1770730792.054135 sending message 112 to peer 0x56010fc19540 (13 bytes)
1770730792.054139 sending message 112 to peer 0x56010fc19540 (13 bytes)
1770730792.054143 sending message 112 to peer 0x56010fc19540 (13 bytes)
1770730792.054147 sending message 112 to peer 0x56010fc19540 (13 bytes)
1770730792.054151 sending message 112 to peer 0x56010fc19540 (10 bytes)
1770730792.054155 sending message 112 to peer 0x56010fc19540 (9 bytes)
1770730792.054159 sending message 112 to peer 0x56010fc19540 (12 bytes)
1770730792.054163 sending message 112 to peer 0x56010fc19540 (13 bytes)
1770730792.054172 sending message 112 to peer 0x56010fc19540 (13 bytes)
1770730792.054177 sending message 112 to peer 0x56010fc19540 (13 bytes)
1770730792.054181 sending message 112 to peer 0x56010fc19540 (13 bytes)
1770730792.054186 sending message 112 to peer 0x56010fc19540 (13 bytes)
1770730792.054190 sending message 112 to peer 0x56010fc19540 (9 bytes)
1770730792.054194 sending message 112 to peer 0x56010fc19540 (12 bytes)
1770730792.054197 sending message 112 to peer 0x56010fc19540 (13 bytes)
1770730792.054202 sending message 112 to peer 0x56010fc19540 (13 bytes)
1770730792.054205 sending message 112 to peer 0x56010fc19540 (13 bytes)
1770730792.054210 sending message 112 to peer 0x56010fc19540 (13 bytes)
1770730792.054213 sending message 112 to peer 0x56010fc19540 (13 bytes)
1770730792.054218 sending message 112 to peer 0x56010fc19540 (11 bytes)
1770730792.054221 sending message 112 to peer 0x56010fc19540 (12 bytes)
1770730792.054225 sending message 112 to peer 0x56010fc19540 (13 bytes)
1770730792.054228 sending message 112 to peer 0x56010fc19540 (13 bytes)
1770730792.054233 sending message 112 to peer 0x56010fc19540 (13 bytes)
1770730792.054236 sending message 112 to peer 0x56010fc19540 (13 bytes)
1770730792.054240 sending message 112 to peer 0x56010fc19540 (13 bytes)
1770730792.054243 sending message 112 to peer 0x56010fc19540 (11 bytes)
1770730792.054248 sending message 112 to peer 0x56010fc19540 (12 bytes)
1770730792.054252 sending message 112 to peer 0x56010fc19540 (12 bytes)
1770730792.054256 sending message 112 to peer 0x56010fc19540 (12 bytes)
1770730792.054260 sending message 112 to peer 0x56010fc19540 (12 bytes)
1770730792.054263 sending message 112 to peer 0x56010fc19540 (12 bytes)
1770730792.054268 sending message 112 to peer 0x56010fc19540 (21 bytes)
1770730792.054272 sending message 112 to peer 0x56010fc19540 (12 bytes)
1770730792.054276 sending message 112 to peer 0x56010fc19540 (9 bytes)
1770730792.054280 sending message 112 to peer 0x56010fc19540 (6 bytes)
1770730792.054284 sending message 112 to peer 0x56010fc19540 (13 bytes)
1770730792.054287 sending message 112 to peer 0x56010fc19540 (10 bytes)
1770730792.054291 sending message 112 to peer 0x56010fc19540 (24 bytes)
1770730792.054296 sending message 112 to peer 0x56010fc19540 (13 bytes)
1770730792.054299 sending message 112 to peer 0x56010fc19540 (9 bytes)
1770730792.054303 sending message 112 to peer 0x56010fc19540 (70 bytes)
1770730792.054308 sending message 112 to peer 0x56010fc19540 (69 bytes)
1770730792.054312 sending message 112 to peer 0x56010fc19540 (12 bytes)
1770730792.054317 sending message 112 to peer 0x56010fc19540 (10 bytes)
1770730792.054320 sending message 112 to peer 0x56010fc19540 (10 bytes)
1770730792.054325 sending message 112 to peer 0x56010fc19540 (24 bytes)
1770730792.054329 sending message 112 to peer 0x56010fc19540 (13 bytes)
1770730792.054333 sending message 112 to peer 0x56010fc19540 (10 bytes)
1770730792.054338 sending message 112 to peer 0x56010fc19540 (10 bytes)
1770730792.054343 sending message 112 to peer 0x56010fc19540 (10 bytes)
1770730792.054347 sending message 112 to peer 0x56010fc19540 (13 bytes)
1770730792.054350 sending message 112 to peer 0x56010fc19540 (15 bytes)
1770730792.054354 sending message 112 to peer 0x56010fc19540 (5 bytes)
1770730792.054359 sending message 104 to peer 0x56010fc19540 (0 bytes)
1770730792.054363 sending message 110 to peer 0x56010fc19540 (0 bytes)
1770730792.054368 sending message 107 to peer 0x56010fc19540 (4 bytes)
1770730792.054372 sending message 105 to peer 0x56010fc19540 (38 bytes)
1770730792.054377 sending message 105 to peer 0x56010fc19540 (80 bytes)
1770730792.054381 sending message 105 to peer 0x56010fc19540 (21 bytes)
1770730792.054385 sending message 105 to peer 0x56010fc19540 (20 bytes)
1770730792.054389 sending message 105 to peer 0x56010fc19540 (25 bytes)
1770730792.054393 sending message 105 to peer 0x56010fc19540 (728 bytes)
1770730792.054398 sending message 105 to peer 0x56010fc19540 (165 bytes)
1770730792.054403 sending message 105 to peer 0x56010fc19540 (58 bytes)
1770730792.054409 sending message 105 to peer 0x56010fc19540 (60 bytes)
1770730792.054414 sending message 105 to peer 0x56010fc19540 (24 bytes)
1770730792.054418 sending message 105 to peer 0x56010fc19540 (29 bytes)
1770730792.054422 sending message 105 to peer 0x56010fc19540 (43 bytes)
1770730792.054425 sending message 105 to peer 0x56010fc19540 (23 bytes)
1770730792.054429 sending message 105 to peer 0x56010fc19540 (20 bytes)
1770730792.054433 sending message 105 to peer 0x56010fc19540 (39 bytes)
1770730792.054437 sending message 105 to peer 0x56010fc19540 (719 bytes)
1770730792.054442 sending message 105 to peer 0x56010fc19540 (51 bytes)
1770730792.054446 sending message 105 to peer 0x56010fc19540 (33 bytes)
1770730792.054453 sending message 105 to peer 0x56010fc19540 (112 bytes)
1770730792.054458 sending message 105 to peer 0x56010fc19540 (23 bytes)
1770730792.054465 sending message 105 to peer 0x56010fc19540 (24 bytes)
1770730792.054471 sending message 105 to peer 0x56010fc19540 (77 bytes)
1770730792.054477 sending message 105 to peer 0x56010fc19540 (15 bytes)
1770730792.054484 sending message 105 to peer 0x56010fc19540 (12 bytes)
1770730792.054489 sending message 105 to peer 0x56010fc19540 (15 bytes)
1770730792.054493 sending message 105 to peer 0x56010fc19540 (51 bytes)
1770730792.054497 sending message 105 to peer 0x56010fc19540 (176 bytes)
1770730792.054507 sending message 105 to peer 0x56010fc19540 (24 bytes)
1770730792.054511 sending message 105 to peer 0x56010fc19540 (16 bytes)
1770730792.054516 sending message 105 to peer 0x56010fc19540 (25 bytes)
1770730792.054520 sending message 105 to peer 0x56010fc19540 (79 bytes)
1770730792.054524 sending message 105 to peer 0x56010fc19540 (76 bytes)
1770730792.054529 sending message 105 to peer 0x56010fc19540 (23 bytes)
1770730792.054533 sending message 105 to peer 0x56010fc19540 (43 bytes)
1770730792.054536 sending message 105 to peer 0x56010fc19540 (113 bytes)
1770730792.054540 sending message 105 to peer 0x56010fc19540 (39 bytes)
1770730792.054544 sending message 105 to peer 0x56010fc19540 (99 bytes)
1770730792.054548 sending message 105 to peer 0x56010fc19540 (24 bytes)
1770730792.054551 sending message 105 to peer 0x56010fc19540 (90 bytes)
1770730792.054555 sending message 105 to peer 0x56010fc19540 (6250 bytes)
1770730792.054570 sending message 105 to peer 0x56010fc19540 (19 bytes)
1770730792.054574 sending message 105 to peer 0x56010fc19540 (90 bytes)
1770730792.054578 sending message 105 to peer 0x56010fc19540 (21 bytes)
1770730792.054582 sending message 105 to peer 0x56010fc19540 (17 bytes)
1770730792.054587 sending message 105 to peer 0x56010fc19540 (27 bytes)
1770730792.054591 sending message 105 to peer 0x56010fc19540 (1917 bytes)
1770730792.054595 sending message 105 to peer 0x56010fc19540 (30 bytes)
1770730792.054599 sending message 105 to peer 0x56010fc19540 (24 bytes)
1770730792.054602 sending message 105 to peer 0x56010fc19540 (27 bytes)
1770730792.054607 sending message 105 to peer 0x56010fc19540 (65 bytes)
1770730792.054611 sending message 105 to peer 0x56010fc19540 (125 bytes)
1770730792.054615 sending message 105 to peer 0x56010fc19540 (138 bytes)
1770730792.054618 sending message 105 to peer 0x56010fc19540 (20 bytes)
1770730792.054622 sending message 105 to peer 0x56010fc19540 (26 bytes)
1770730792.054627 sending message 105 to peer 0x56010fc19540 (52 bytes)
1770730792.054631 sending message 105 to peer 0x56010fc19540 (95 bytes)
1770730792.054634 sending message 105 to peer 0x56010fc19540 (127 bytes)
1770730792.054639 sending message 105 to peer 0x56010fc19540 (52 bytes)
1770730792.054643 sending message 105 to peer 0x56010fc19540 (47 bytes)
1770730792.054647 sending message 105 to peer 0x56010fc19540 (16 bytes)
1770730792.054651 sending message 105 to peer 0x56010fc19540 (28 bytes)
1770730792.054655 sending message 105 to peer 0x56010fc19540 (38 bytes)
1770730792.054659 sending message 105 to peer 0x56010fc19540 (21 bytes)
1770730792.054663 sending message 105 to peer 0x56010fc19540 (60 bytes)
1770730792.054667 sending message 105 to peer 0x56010fc19540 (431 bytes)
1770730792.054674 sending message 105 to peer 0x56010fc19540 (31 bytes)
1770730792.054678 sending message 105 to peer 0x56010fc19540 (22 bytes)
1770730792.054682 sending message 105 to peer 0x56010fc19540 (35 bytes)
1770730792.054687 sending message 105 to peer 0x56010fc19540 (23 bytes)
1770730792.054693 sending message 105 to peer 0x56010fc19540 (20 bytes)
1770730792.054696 sending message 105 to peer 0x56010fc19540 (30 bytes)
1770730792.054700 sending message 105 to peer 0x56010fc19540 (20 bytes)
1770730792.054703 sending message 105 to peer 0x56010fc19540 (714 bytes)
1770730792.054708 sending message 105 to peer 0x56010fc19540 (13 bytes)
1770730792.054712 sending message 105 to peer 0x56010fc19540 (64 bytes)
1770730792.054717 sending message 105 to peer 0x56010fc19540 (20 bytes)
1770730792.054720 sending message 105 to peer 0x56010fc19540 (53 bytes)
1770730792.054724 sending message 105 to peer 0x56010fc19540 (23 bytes)
1770730792.054728 sending message 105 to peer 0x56010fc19540 (22 bytes)
1770730792.054733 sending message 105 to peer 0x56010fc19540 (50 bytes)
1770730792.054737 sending message 105 to peer 0x56010fc19540 (11 bytes)
1770730792.054741 sending message 105 to peer 0x56010fc19540 (8 bytes)
1770730792.054746 sending message 105 to peer 0x56010fc19540 (11 bytes)
1770730792.054750 sending message 105 to peer 0x56010fc19540 (25 bytes)
1770730792.054754 sending message 105 to peer 0x56010fc19540 (310 bytes)
1770730792.054758 sending message 105 to peer 0x56010fc19540 (27 bytes)
1770730792.054761 sending message 105 to peer 0x56010fc19540 (31 bytes)
1770730792.054766 sending message 105 to peer 0x56010fc19540 (11 bytes)
1770730792.054769 sending message 105 to peer 0x56010fc19540 (17 bytes)
1770730792.054774 sending message 105 to peer 0x56010fc19540 (28 bytes)
1770730792.054778 sending message 105 to peer 0x56010fc19540 (64 bytes)
1770730792.054782 sending message 105 to peer 0x56010fc19540 (20 bytes)
1770730792.054785 sending message 105 to peer 0x56010fc19540 (72 bytes)
1770730792.054789 sending message 105 to peer 0x56010fc19540 (535 bytes)
1770730792.054794 sending message 105 to peer 0x56010fc19540 (267 bytes)
1770730792.054797 sending message 105 to peer 0x56010fc19540 (89 bytes)
1770730792.054801 sending message 105 to peer 0x56010fc19540 (31 bytes)
1770730792.054805 sending message 105 to peer 0x56010fc19540 (187 bytes)
1770730792.054810 sending message 105 to peer 0x56010fc19540 (83 bytes)
1770730792.054814 sending message 105 to peer 0x56010fc19540 (20 bytes)
1770730792.054818 sending message 105 to peer 0x56010fc19540 (144 bytes)
1770730792.054822 sending message 105 to peer 0x56010fc19540 (23 bytes)
1770730792.054827 sending message 105 to peer 0x56010fc19540 (10883 bytes)
1770730792.054838 sending message 105 to peer 0x56010fc19540 (16 bytes)
1770730792.054843 sending message 105 to peer 0x56010fc19540 (22 bytes)
1770730792.054847 sending message 105 to peer 0x56010fc19540 (224 bytes)
1770730792.054850 sending message 105 to peer 0x56010fc19540 (713 bytes)
1770730792.054855 sending message 105 to peer 0x56010fc19540 (33 bytes)
1770730792.054859 sending message 105 to peer 0x56010fc19540 (54 bytes)
1770730792.054863 sending message 105 to peer 0x56010fc19540 (28 bytes)
1770730792.054867 sending message 105 to peer 0x56010fc19540 (129 bytes)
1770730792.054873 sending message 105 to peer 0x56010fc19540 (6021 bytes)
1770730792.054881 sending message 105 to peer 0x56010fc19540 (44 bytes)
1770730792.054885 sending message 105 to peer 0x56010fc19540 (23 bytes)
1770730792.054890 sending message 105 to peer 0x56010fc19540 (20 bytes)
1770730792.054893 sending message 105 to peer 0x56010fc19540 (38 bytes)
1770730792.054898 sending message 106 to peer 0x56010fc19540 (0 bytes)
1770730792.054946 sending message 200 to peer 0x56010fc19540 (4 bytes)
1770730792.054952 client loop enter
1770730792.054968 client_signal: Child exited
1770730792.162982 peer 0x56010fc19540 message 207
1770730792.163001 sending message 208 to peer 0x56010fc19540 (0 bytes)
1770730795.139900 peer 0x56010fc19540 message 203
1770730795.139951 sending message 205 to peer 0x56010fc19540 (0 bytes)
1770730795.140452 peer 0x56010fc19540 message 204
1770730795.140480 client loop exit
